<?xml version="1.0" encoding="UTF-8"?>
<!-- Generated by org.testng.reporters.JUnitXMLReporter -->
<testsuite ignored="0" hostname="LokeshYadav" failures="0" tests="3" name="Test2" time="36.368" errors="0" timestamp="2024-02-08T13:28:48 IST">
  <testcase classname="testMaven.ExecutionFirefox" name="launchUrl2" time="26.063"/>
  <testcase classname="testMaven.ExecutionFirefox" name="readExcel1" time="0.127"/>
  <testcase classname="testMaven.ExecutionFirefox" name="navigateToCustSummary1" time="10.071"/>
</testsuite> <!-- Test2 -->
