<?xml version="1.0" encoding="UTF-8"?>
<!-- Generated by org.testng.reporters.JUnitXMLReporter -->
<testsuite ignored="0" hostname="LokeshYadav" failures="0" tests="3" name="Test1" time="38.684" errors="0" timestamp="2024-02-08T13:28:51 IST">
  <testcase classname="testMaven.ExecutionChrome" name="launchUrl1" time="27.59"/>
  <testcase classname="testMaven.ExecutionChrome" name="navigateToCustSummary1" time="10.772"/>
  <testcase classname="testMaven.ExecutionChrome" name="readExcel1" time="0.155"/>
</testsuite> <!-- Test1 -->
